0 info it worked if it ends with ok
1 verbose cli [ 'node', '/usr/local/bin/npm', 'publish' ]
2 info using npm@1.4.28
3 info using node@v0.10.35
4 verbose publish [ '.' ]
5 verbose cache add [ '.', null ]
6 verbose cache add name=undefined spec="." args=[".",null]
7 verbose parsed url { protocol: null,
7 verbose parsed url   slashes: null,
7 verbose parsed url   auth: null,
7 verbose parsed url   host: null,
7 verbose parsed url   port: null,
7 verbose parsed url   hostname: null,
7 verbose parsed url   hash: null,
7 verbose parsed url   search: null,
7 verbose parsed url   query: null,
7 verbose parsed url   pathname: '.',
7 verbose parsed url   path: '.',
7 verbose parsed url   href: '.' }
8 silly lockFile 3a52ce78- .
9 verbose lock . /Users/alexayala/.npm/3a52ce78-.lock
10 verbose tar pack [ '/Users/alexayala/.npm/6lowpan/0.0.2/package.tgz', '.' ]
11 verbose tarball /Users/alexayala/.npm/6lowpan/0.0.2/package.tgz
12 verbose folder .
13 info prepublish 6lowpan@0.0.2
14 silly lockFile 1f1177db-tar tar://.
15 verbose lock tar://. /Users/alexayala/.npm/1f1177db-tar.lock
16 silly lockFile 6d9dff27-la-npm-6lowpan-0-0-2-package-tgz tar:///Users/alexayala/.npm/6lowpan/0.0.2/package.tgz
17 verbose lock tar:///Users/alexayala/.npm/6lowpan/0.0.2/package.tgz /Users/alexayala/.npm/6d9dff27-la-npm-6lowpan-0-0-2-package-tgz.lock
18 silly lockFile 1f1177db-tar tar://.
19 silly lockFile 1f1177db-tar tar://.
20 silly lockFile 6d9dff27-la-npm-6lowpan-0-0-2-package-tgz tar:///Users/alexayala/.npm/6lowpan/0.0.2/package.tgz
21 silly lockFile 6d9dff27-la-npm-6lowpan-0-0-2-package-tgz tar:///Users/alexayala/.npm/6lowpan/0.0.2/package.tgz
22 silly lockFile 76428190-xayala-npm-6lowpan-0-0-2-package /Users/alexayala/.npm/6lowpan/0.0.2/package
23 verbose lock /Users/alexayala/.npm/6lowpan/0.0.2/package /Users/alexayala/.npm/76428190-xayala-npm-6lowpan-0-0-2-package.lock
24 silly lockFile 76428190-xayala-npm-6lowpan-0-0-2-package /Users/alexayala/.npm/6lowpan/0.0.2/package
25 silly lockFile 76428190-xayala-npm-6lowpan-0-0-2-package /Users/alexayala/.npm/6lowpan/0.0.2/package
26 silly lockFile 3a52ce78- .
27 silly lockFile 3a52ce78- .
28 silly publish { name: '6lowpan',
28 silly publish   version: '0.0.2',
28 silly publish   description: '6LoWPAN module',
28 silly publish   main: '6LoWPAN.js',
28 silly publish   scripts: { test: 'debug' },
28 silly publish   dependencies: { bitmagic: '*' },
28 silly publish   repository:
28 silly publish    { type: 'git',
28 silly publish      url: 'https://github.com/Alex-Ayala-Bonilla/6lowpan.git' },
28 silly publish   keywords: [ '6lowpan', 'iot', 'thread', 'zigbee', 'ipv6', '802.15.4' ],
28 silly publish   author: { name: 'Jesus Alejandro Ayala Bonilla' },
28 silly publish   license: 'ISC',
28 silly publish   bugs: { url: 'https://github.com/Alex-Ayala-Bonilla/6lowpan/issues' },
28 silly publish   homepage: 'https://github.com/Alex-Ayala-Bonilla/6lowpan',
28 silly publish   readme: '# 6lowpan\nA nodejs module to parse, create and test 6lowpan frames.\n\n## TODOs\n  * Add Extension Headers\n  * Add IPv6 - Uncompressed IPv6 Addresses\n  * Add LOWPAN_HC1 - LOWPAN_HC1 compressed IPv6\n  * Add LOWPAN_BC0 - LOWPAN_BC0 broadcast\n  * Add MESH       - Mesh Header\n  * Add FRAG1      - Fragmentation Header (first) \n  * Add FRAGN      - Fragmentation Header (subsequent)\n  * Add descriptions for each field of the iphc header.\n  * Validator of 6lowpan frame.\n  * Desfragmentation\n  * Functionality to create a 6lowpan frame from user data (json config)\n\n',
28 silly publish   readmeFilename: 'README.md',
28 silly publish   gitHead: '1bfa1df325b9f1718fa8ca69848baafcc828b826',
28 silly publish   _id: '6lowpan@0.0.2',
28 silly publish   _shasum: 'a9689ecf39db90997b028486b643b7c096205d04',
28 silly publish   _from: '.' }
29 verbose request where is /6lowpan
30 verbose request registry https://registry.npmjs.org/
31 verbose request id 3bcdb42b0ee371d8
32 verbose url raw /6lowpan
33 verbose url resolving [ 'https://registry.npmjs.org/', './6lowpan' ]
34 verbose url resolved https://registry.npmjs.org/6lowpan
35 verbose request where is https://registry.npmjs.org/6lowpan
36 info trying registry request attempt 1 at 00:39:17
37 http PUT https://registry.npmjs.org/6lowpan
38 http 403 https://registry.npmjs.org/6lowpan
39 verbose headers { date: 'Wed, 15 Apr 2015 07:39:20 GMT',
39 verbose headers   server: 'Apache',
39 verbose headers   'content-type': 'application/json',
39 verbose headers   'cache-control': 'max-age=60',
39 verbose headers   'content-length': '95',
39 verbose headers   'accept-ranges': 'bytes',
39 verbose headers   via: '1.1 varnish',
39 verbose headers   'x-served-by': 'cache-dfw1821-DFW',
39 verbose headers   'x-cache': 'MISS',
39 verbose headers   'x-cache-hits': '0',
39 verbose headers   'x-timer': 'S1429083558.800080,VS0,VE1204',
39 verbose headers   'keep-alive': 'timeout=10, max=50',
39 verbose headers   connection: 'Keep-Alive' }
40 error publish Failed PUT 403
41 error Error: "You cannot publish over the previously published version 0.0.2." : 6lowpan
41 error     at RegClient.<anonymous> (/usr/local/lib/node_modules/npm/node_modules/npm-registry-client/lib/request.js:308:14)
41 error     at Request._callback (/usr/local/lib/node_modules/npm/node_modules/npm-registry-client/lib/request.js:246:65)
41 error     at Request.self.callback (/usr/local/lib/node_modules/npm/node_modules/request/request.js:236:22)
41 error     at Request.emit (events.js:98:17)
41 error     at Request.<anonymous> (/usr/local/lib/node_modules/npm/node_modules/request/request.js:1142:14)
41 error     at Request.emit (events.js:117:20)
41 error     at IncomingMessage.<anonymous> (/usr/local/lib/node_modules/npm/node_modules/request/request.js:1096:12)
41 error     at IncomingMessage.emit (events.js:117:20)
41 error     at _stream_readable.js:944:16
41 error     at process._tickCallback (node.js:442:13)
42 error If you need help, you may report this *entire* log,
42 error including the npm and node versions, at:
42 error     <http://github.com/npm/npm/issues>
43 error System Darwin 14.3.0
44 error command "node" "/usr/local/bin/npm" "publish"
45 error cwd /Users/alexayala/Documents/6lowpan
46 error node -v v0.10.35
47 error npm -v 1.4.28
48 verbose exit [ 1, true ]
